<?xml version="1.0" encoding="UTF-8"?>
<!-- Generated by org.testng.reporters.JUnitReportReporter -->
<testsuite skipped="0" hostname="DESKTOP-S5GH85J" name="testcases.Footerlinks" tests="1" failures="0" timestamp="13 Oct 2018 19:39:23 GMT" time="63.023" errors="0">
  <testcase name="Footerlinkssize" time="63.023" classname="testcases.Footerlinks"/>
</testsuite> <!-- testcases.Footerlinks -->
