<?xml version="1.0" encoding="UTF-8"?>
<!-- Generated by org.testng.reporters.JUnitReportReporter -->
<testsuite skipped="0" hostname="DESKTOP-S5GH85J" name="testcases.Department" tests="1" failures="0" timestamp="02 Oct 2018 07:06:57 GMT" time="51.704" errors="0">
  <testcase name="departmentstest" time="51.704" classname="testcases.Department"/>
</testsuite> <!-- testcases.Department -->
