<?xml version="1.0" encoding="UTF-8"?>
<!-- Generated by org.testng.reporters.JUnitReportReporter -->
<testsuite skipped="0" hostname="DESKTOP-S5GH85J" name="testcases.Mundobebe" tests="1" failures="0" timestamp="13 Oct 2018 20:08:34 GMT" time="57.218" errors="0">
  <testcase name="mundobebesection" time="57.218" classname="testcases.Mundobebe"/>
</testsuite> <!-- testcases.Mundobebe -->
