<?xml version="1.0" encoding="UTF-8"?>
<!-- Generated by org.testng.reporters.JUnitReportReporter -->
<testsuite skipped="0" hostname="DESKTOP-S5GH85J" name="testcases.OrderSupermarket" tests="1" failures="0" timestamp="10 Oct 2018 07:33:34 GMT" time="106.074" errors="0">
  <testcase name="order" time="106.074" classname="testcases.OrderSupermarket"/>
</testsuite> <!-- testcases.OrderSupermarket -->
