<?xml version="1.0" encoding="UTF-8"?>
<!-- Generated by org.testng.reporters.JUnitReportReporter -->
<testsuite skipped="0" hostname="DESKTOP-S5GH85J" name="testcases.LoginandLogout" tests="1" failures="0" timestamp="21 Oct 2018 20:20:11 GMT" time="61.080" errors="0">
  <testcase name="loginandlogout" time="61.080" classname="testcases.LoginandLogout"/>
</testsuite> <!-- testcases.LoginandLogout -->
