<?xml version="1.0" encoding="UTF-8"?>
<!-- Generated by org.testng.reporters.JUnitReportReporter -->
<testsuite skipped="0" hostname="DESKTOP-S5GH85J" name="testcases.CompareProducts" tests="1" failures="0" timestamp="13 Oct 2018 19:31:10 GMT" time="80.130" errors="0">
  <testcase name="Comparesection" time="80.130" classname="testcases.CompareProducts"/>
</testsuite> <!-- testcases.CompareProducts -->
