<?xml version="1.0" encoding="UTF-8"?>
<!-- Generated by org.testng.reporters.JUnitReportReporter -->
<testsuite skipped="0" hostname="DESKTOP-S5GH85J" name="testcases.AddtoCartSuperMarket" tests="1" failures="0" timestamp="15 Oct 2018 04:59:26 GMT" time="78.651" errors="0">
  <testcase name="addtocart" time="78.651" classname="testcases.AddtoCartSuperMarket"/>
</testsuite> <!-- testcases.AddtoCartSuperMarket -->
