<?xml version="1.0" encoding="UTF-8"?>
<!-- Generated by org.testng.reporters.JUnitReportReporter -->
<testsuite skipped="0" hostname="DESKTOP-S5GH85J" name="testcases.PageScrollCheckSupermarket" tests="1" failures="0" timestamp="10 Oct 2018 06:55:52 GMT" time="207.844" errors="0">
  <testcase name="pageScroll" time="207.844" classname="testcases.PageScrollCheckSupermarket"/>
</testsuite> <!-- testcases.PageScrollCheckSupermarket -->
