<?xml version="1.0" encoding="UTF-8"?>
<!-- Generated by org.testng.reporters.JUnitReportReporter -->
<testsuite skipped="0" hostname="DESKTOP-S5GH85J" name="testcases.EspecialTerrazas" tests="1" failures="0" timestamp="03 Oct 2018 06:32:36 GMT" time="73.455" errors="0">
  <testcase name="EspecialTerrazassection" time="73.455" classname="testcases.EspecialTerrazas"/>
</testsuite> <!-- testcases.EspecialTerrazas -->
