<?xml version="1.0" encoding="UTF-8"?>
<!-- Generated by org.testng.reporters.JUnitReportReporter -->
<testsuite skipped="0" hostname="DESKTOP-S5GH85J" name="testcases.Footerlinks" tests="1" failures="0" timestamp="02 Oct 2018 04:53:26 GMT" time="42.512" errors="0">
  <testcase name="Footerlinkssize" time="42.512" classname="testcases.Footerlinks"/>
</testsuite> <!-- testcases.Footerlinks -->
