<?xml version="1.0" encoding="UTF-8"?>
<!-- Generated by org.testng.reporters.JUnitReportReporter -->
<testsuite skipped="0" hostname="DESKTOP-S5GH85J" name="testcases.Order" tests="1" failures="0" timestamp="13 Oct 2018 19:25:36 GMT" time="200.541" errors="0">
  <testcase name="Ordertest" time="200.541" classname="testcases.Order"/>
</testsuite> <!-- testcases.Order -->
