<?xml version="1.0" encoding="UTF-8"?>
<!-- Generated by org.testng.reporters.JUnitReportReporter -->
<testsuite skipped="0" hostname="DESKTOP-S5GH85J" name="testcases.VerifySearchSuperMarket" tests="1" failures="0" timestamp="15 Oct 2018 04:21:57 GMT" time="74.723" errors="0">
  <testcase name="addtocart" time="74.723" classname="testcases.VerifySearchSuperMarket"/>
</testsuite> <!-- testcases.VerifySearchSuperMarket -->
