<?xml version="1.0" encoding="UTF-8"?>
<!-- Generated by org.testng.reporters.JUnitReportReporter -->
<testsuite skipped="0" hostname="DESKTOP-S5GH85J" name="testcases.OrderSupermarket" tests="1" failures="0" timestamp="15 Oct 2018 04:53:23 GMT" time="137.716" errors="0">
  <testcase name="order" time="137.716" classname="testcases.OrderSupermarket"/>
</testsuite> <!-- testcases.OrderSupermarket -->
