<?xml version="1.0" encoding="UTF-8"?>
<!-- Generated by org.testng.reporters.JUnitReportReporter -->
<testsuite skipped="0" hostname="DESKTOP-S5GH85J" name="testcases.LoginandLogout" tests="1" failures="0" timestamp="04 Oct 2018 13:40:24 GMT" time="59.161" errors="0">
  <testcase name="departmentstest" time="59.161" classname="testcases.LoginandLogout"/>
</testsuite> <!-- testcases.LoginandLogout -->
