<?xml version="1.0" encoding="UTF-8"?>
<!-- Generated by org.testng.reporters.JUnitReportReporter -->
<testsuite skipped="0" hostname="DESKTOP-S5GH85J" name="testcases.AddToCart" tests="1" failures="0" timestamp="13 Oct 2018 19:21:49 GMT" time="134.208" errors="0">
  <testcase name="addtocart" time="134.208" classname="testcases.AddToCart"/>
</testsuite> <!-- testcases.AddToCart -->
