<?xml version="1.0" encoding="UTF-8"?>
<!-- Generated by org.testng.reporters.JUnitReportReporter -->
<testsuite skipped="0" hostname="DESKTOP-S5GH85J" name="testcases.HeaderlinkNavigation" tests="1" failures="0" timestamp="02 Oct 2018 06:30:24 GMT" time="329.437" errors="0">
  <testcase name="Headlinks" time="329.437" classname="testcases.HeaderlinkNavigation"/>
</testsuite> <!-- testcases.HeaderlinkNavigation -->
