<?xml version="1.0" encoding="UTF-8"?>
<!-- Generated by org.testng.reporters.JUnitReportReporter -->
<testsuite skipped="0" hostname="DESKTOP-S5GH85J" name="testcases.CompareProducts" tests="1" failures="0" timestamp="04 Oct 2018 14:06:35 GMT" time="53.054" errors="0">
  <testcase name="Comparesection" time="53.054" classname="testcases.CompareProducts"/>
</testsuite> <!-- testcases.CompareProducts -->
