<?xml version="1.0" encoding="UTF-8"?>
<!-- Generated by org.testng.reporters.JUnitReportReporter -->
<testsuite skipped="0" hostname="DESKTOP-S5GH85J" name="testcases.LoginFlow" tests="1" failures="0" timestamp="28 Sep 2018 06:43:39 GMT" time="97.849" errors="0">
  <testcase name="Login" time="97.849" classname="testcases.LoginFlow"/>
</testsuite> <!-- testcases.LoginFlow -->
