<?xml version="1.0" encoding="UTF-8"?>
<!-- Generated by org.testng.reporters.JUnitReportReporter -->
<testsuite skipped="0" hostname="DESKTOP-S5GH85J" name="testcases.OrderSupermarket" tests="1" failures="0" timestamp="24 Oct 2018 05:50:29 GMT" time="182.514" errors="0">
  <testcase name="order" time="182.514" classname="testcases.OrderSupermarket"/>
</testsuite> <!-- testcases.OrderSupermarket -->
