<?xml version="1.0" encoding="UTF-8"?>
<!-- Generated by org.testng.reporters.JUnitReportReporter -->
<testsuite skipped="0" hostname="DESKTOP-S5GH85J" name="testcases.HeaderlinkNavigation" tests="1" failures="0" timestamp="13 Oct 2018 19:43:48 GMT" time="181.016" errors="0">
  <testcase name="Headlinks" time="181.016" classname="testcases.HeaderlinkNavigation"/>
</testsuite> <!-- testcases.HeaderlinkNavigation -->
