<?xml version="1.0" encoding="UTF-8"?>
<!-- Generated by org.testng.reporters.JUnitReportReporter -->
<testsuite skipped="0" hostname="DESKTOP-S5GH85J" name="testcases.Mundobebe" tests="1" failures="0" timestamp="03 Oct 2018 06:20:21 GMT" time="30.258" errors="0">
  <testcase name="mundobebesection" time="30.258" classname="testcases.Mundobebe"/>
</testsuite> <!-- testcases.Mundobebe -->
