<?xml version="1.0" encoding="UTF-8"?>
<!-- Generated by org.testng.reporters.JUnitReportReporter -->
<testsuite skipped="0" hostname="DESKTOP-S5GH85J" name="testcases.VerifySearchSuperMarket" tests="1" failures="0" timestamp="21 Oct 2018 20:37:53 GMT" time="119.262" errors="0">
  <testcase name="addtocart" time="119.262" classname="testcases.VerifySearchSuperMarket"/>
</testsuite> <!-- testcases.VerifySearchSuperMarket -->
