<?xml version="1.0" encoding="UTF-8"?>
<!-- Generated by org.testng.reporters.JUnitReportReporter -->
<testsuite skipped="0" hostname="DESKTOP-S5GH85J" name="testcases.Order" tests="1" failures="0" timestamp="07 Oct 2018 05:28:49 GMT" time="122.980" errors="0">
  <testcase name="Ordertest" time="122.980" classname="testcases.Order"/>
</testsuite> <!-- testcases.Order -->
