<?xml version="1.0" encoding="UTF-8"?>
<!-- Generated by org.testng.reporters.JUnitReportReporter -->
<testsuite skipped="0" hostname="DESKTOP-S5GH85J" name="testcases.VerifySearchSuperMarket" tests="1" failures="0" timestamp="10 Oct 2018 07:16:51 GMT" time="76.979" errors="0">
  <testcase name="addtocart" time="76.979" classname="testcases.VerifySearchSuperMarket"/>
</testsuite> <!-- testcases.VerifySearchSuperMarket -->
