<?xml version="1.0" encoding="UTF-8"?>
<!-- Generated by org.testng.reporters.JUnitReportReporter -->
<testsuite skipped="0" hostname="DESKTOP-S5GH85J" name="testcases.Order" tests="1" failures="0" timestamp="24 Oct 2018 06:11:30 GMT" time="159.854" errors="0">
  <testcase name="Ordertest" time="159.854" classname="testcases.Order"/>
</testsuite> <!-- testcases.Order -->
